<?xml version="1.0" encoding="UTF-8"?>
<!-- Generated by org.testng.reporters.JUnitReportReporter -->
<testsuite hostname="DESKTOP-GEUDU0S" name="testngp.Facebook" tests="1" failures="0" timestamp="13 Dec 2023 10:07:01 GMT" time="15.866" errors="0">
  <testcase name="loginTheFacebook" time="15.866" classname="testngp.Facebook"/>
</testsuite> <!-- testngp.Facebook -->
