<?xml version="1.0" encoding="UTF-8"?>
<!-- Generated by org.testng.reporters.JUnitReportReporter -->
<testsuite hostname="DESKTOP-GEUDU0S" name="testngp.NewTest" tests="1" failures="0" timestamp="12 Dec 2023 05:36:11 GMT" time="0.032" errors="0">
  <testcase name="f" time="0.032" classname="testngp.NewTest"/>
</testsuite> <!-- testngp.NewTest -->
